  acceleration.cpp
  glSimulator.cpp
C:\Users\squir\source\repos\Moon_Lander_Simulator\glSimulator.cpp(93,59): warning C4244: 'argument': conversion from 'double' to 'int', possible loss of data
C:\Users\squir\source\repos\Moon_Lander_Simulator\glSimulator.cpp(99,65): warning C4244: 'argument': conversion from 'double' to 'int', possible loss of data
C:\Users\squir\source\repos\Moon_Lander_Simulator\glSimulator.cpp(106,58): warning C4244: 'argument': conversion from 'double' to 'int', possible loss of data
  ground.cpp
  lander.cpp
  point.cpp
  star.cpp
C:\Users\squir\source\repos\Moon_Lander_Simulator\star.cpp(20,12): warning C4244: 'initializing': conversion from 'double' to 'int', possible loss of data
C:\Users\squir\source\repos\Moon_Lander_Simulator\star.cpp(21,12): warning C4244: 'initializing': conversion from 'double' to 'int', possible loss of data
  uiDraw.cpp
  uiInteract.cpp
C:\Users\squir\source\repos\Moon_Lander_Simulator\uiInteract.cpp(279,68): warning C4244: 'argument': conversion from 'double' to 'int', possible loss of data
C:\Users\squir\source\repos\Moon_Lander_Simulator\uiInteract.cpp(279,43): warning C4244: 'argument': conversion from 'double' to 'int', possible loss of data
C:\Users\squir\source\repos\Moon_Lander_Simulator\uiInteract.cpp(291,60): warning C4244: 'argument': conversion from 'double' to 'int', possible loss of data
C:\Users\squir\source\repos\Moon_Lander_Simulator\uiInteract.cpp(291,39): warning C4244: 'argument': conversion from 'double' to 'int', possible loss of data
  velocity.cpp
  Generating Code...
  Lab03.vcxproj -> C:\Users\squir\source\repos\Moon_Lander_Simulator\x64\Debug\Lab03.exe
